 PATH  FOUND 
 0) 0.00,0.00
 PATH  FOUND 
 1) 0.00,0.00
 PATH  FOUND 
 2) 0.00,0.00
 PATH  FOUND 
 3) 0.00,0.00
 PATH  FOUND 
 4) 0.00,0.00
 PATH  FOUND 
 5) 0.00,0.00
 PATH  FOUND 
 6) 0.00,0.00
 PATH  FOUND 
 7) 0.00,0.00
 PATH  FOUND 
 8) 0.00,0.00
 PATH  FOUND 
 9) 0.00,0.00

Object origin:
0.000000 0.000000

Eagle Command:
set wire_bend 2;
change layer tDocu;
set width 0;
poly (R 0.000000 0.000000) (R 0.000000 0.000000);
poly (R 0.000000 0.000000) (R 0.000000 0.000000);
poly (R 0.000000 0.000000) (R 0.000000 0.000000);
poly (R 0.000000 0.000000) (R 0.000000 0.000000);
poly (R 0.000000 0.000000) (R 0.000000 0.000000);
poly (R 0.000000 0.000000) (R 0.000000 0.000000);
poly (R 0.000000 0.000000) (R 0.000000 0.000000);
poly (R 0.000000 0.000000) (R 0.000000 0.000000);
poly (R 0.000000 0.000000) (R 0.000000 0.000000);
poly (R 0.000000 0.000000) (R 0.000000 0.000000);

